0 info it worked if it ends with ok
1 verbose cli [ '/usr/local/Cellar/node/7.10.0/bin/node',
1 verbose cli   '/usr/local/bin/npm',
1 verbose cli   'start' ]
2 info using npm@4.0.3
3 info using node@v7.10.0
4 verbose run-script [ 'prestart', 'start', 'poststart' ]
5 info lifecycle sdoHerokuApp@0.0.1~prestart: sdoHerokuApp@0.0.1
6 silly lifecycle sdoHerokuApp@0.0.1~prestart: no script for prestart, continuing
7 info lifecycle sdoHerokuApp@0.0.1~start: sdoHerokuApp@0.0.1
8 verbose lifecycle sdoHerokuApp@0.0.1~start: unsafe-perm in lifecycle true
9 verbose lifecycle sdoHerokuApp@0.0.1~start: PATH: /usr/local/lib/node_modules/npm/bin/node-gyp-bin:/Users/local/demos/heroku/sdo/node_modules/.bin:/Users/local/tools/google-cloud-sdk/bin:/usr/local/Cellar/openssl/1.0.2j/bin:/usr/local/bin:/usr/bin:/bin:/usr/sbin:/sbin:/usr/local/share/dotnet:/usr/local/git/bin:/usr/local/go/bin:/Library/Frameworks/Mono.framework/Versions/Current/Commands:/Users/local/codebase/go/bin:/usr/local/bin/:/usr/local/sbin:/Library/PostgreSQL/9.6/bin:/Users/tsellers/go/bin
10 verbose lifecycle sdoHerokuApp@0.0.1~start: CWD: /Users/local/demos/heroku/sdo
11 silly lifecycle sdoHerokuApp@0.0.1~start: Args: [ '-c', 'node ./bin/www' ]
12 silly lifecycle sdoHerokuApp@0.0.1~start: Returned: code: 1  signal: null
13 info lifecycle sdoHerokuApp@0.0.1~start: Failed to exec start script
14 verbose stack Error: sdoHerokuApp@0.0.1 start: `node ./bin/www`
14 verbose stack Exit status 1
14 verbose stack     at EventEmitter.<anonymous> (/usr/local/lib/node_modules/npm/lib/utils/lifecycle.js:279:16)
14 verbose stack     at emitTwo (events.js:106:13)
14 verbose stack     at EventEmitter.emit (events.js:194:7)
14 verbose stack     at ChildProcess.<anonymous> (/usr/local/lib/node_modules/npm/lib/utils/spawn.js:40:14)
14 verbose stack     at emitTwo (events.js:106:13)
14 verbose stack     at ChildProcess.emit (events.js:194:7)
14 verbose stack     at maybeClose (internal/child_process.js:899:16)
14 verbose stack     at Process.ChildProcess._handle.onexit (internal/child_process.js:226:5)
15 verbose pkgid sdoHerokuApp@0.0.1
16 verbose cwd /Users/local/demos/heroku/sdo
17 error Darwin 16.6.0
18 error argv "/usr/local/Cellar/node/7.10.0/bin/node" "/usr/local/bin/npm" "start"
19 error node v7.10.0
20 error npm  v4.0.3
21 error code ELIFECYCLE
22 error sdoHerokuApp@0.0.1 start: `node ./bin/www`
22 error Exit status 1
23 error Failed at the sdoHerokuApp@0.0.1 start script 'node ./bin/www'.
23 error Make sure you have the latest version of node.js and npm installed.
23 error If you do, this is most likely a problem with the sdoHerokuApp package,
23 error not with npm itself.
23 error Tell the author that this fails on your system:
23 error     node ./bin/www
23 error You can get information on how to open an issue for this project with:
23 error     npm bugs sdoHerokuApp
23 error Or if that isn't available, you can get their info via:
23 error     npm owner ls sdoHerokuApp
23 error There is likely additional logging output above.
24 verbose exit [ 1, true ]
